2025-10-12 11:05:10 | INFO | === START action=sweep model=ResNetSEBlockIoT dataset=IoTID20 device=cuda:1 ===
2025-10-12 11:05:10 | INFO | Running simple bit-flip sweep for model=ResNetSEBlockIoT dataset=IoTID20 device=cuda:1
2025-10-12 11:05:10 | INFO | CUDA device: NVIDIA GeForce RTX 3060 (index 1)
2025-10-12 11:05:10 | INFO | VRAM total=12.49 GB, reserved=0.00 GB, allocated=0.00 GB
2025-10-12 11:05:10 | INFO | Loading model: name=ResNetSEBlockIoT, dataset=IoTID20
2025-10-12 11:05:10 | INFO | Checkpoint: /home/jupyter-iec2022se05/BitShield_Clone/models/IoTID20/ResNetSEBlockIoT/ResNetSEBlockIoT.pt
2025-10-12 11:05:10 | INFO | Inferring input_size/num_classes via preprocess_iotid20_data()
2025-10-12 11:05:11 | INFO | inferred: input_size=69, num_classes=5
2025-10-12 11:05:14 | INFO | Model loaded. total_params=2,056,255, trainable_params=2,055,463
2025-10-12 11:05:14 | INFO | Loading IoTID20 test loader (benign)…
2025-10-12 11:05:16 | INFO | Test set size ≈ 58725
2025-10-12 11:05:39 | INFO | Original accuracy: 83.19% (eval took 22.62s)
2025-10-12 11:05:39 | INFO | Total parameters: 2,056,255
2025-10-12 11:05:39 | INFO | Configured flips: 100
2025-10-12 11:05:52 | INFO | [flip 1/100] acc_after=82.76% (drop 0.43%)
2025-10-12 11:09:23 | INFO | [flip 11/100] acc_after=77.92% (drop 5.27%)
2025-10-12 11:12:50 | INFO | [flip 21/100] acc_after=76.87% (drop 6.32%)
2025-10-12 11:16:42 | INFO | [flip 31/100] acc_after=75.31% (drop 7.89%)
2025-10-12 11:20:20 | INFO | [flip 41/100] acc_after=75.36% (drop 7.83%)
2025-10-12 11:23:29 | INFO | [flip 51/100] acc_after=75.97% (drop 7.22%)
2025-10-12 11:26:41 | INFO | [flip 61/100] acc_after=76.08% (drop 7.12%)
2025-10-12 11:30:30 | INFO | [flip 71/100] acc_after=75.07% (drop 8.13%)
2025-10-12 11:34:54 | INFO | [flip 81/100] acc_after=76.46% (drop 6.73%)
2025-10-12 11:38:35 | INFO | [flip 91/100] acc_after=76.07% (drop 7.13%)
2025-10-12 11:41:48 | INFO | [flip 100/100] acc_after=75.50% (drop 7.69%)
2025-10-12 11:41:48 | INFO | Sweep done. Results saved to: results/sweep_results/IoTID20_ResNetSEBlockIoT_simple_sweep.json
2025-10-12 11:41:48 | INFO | Average accuracy drop: 6.55% | Max drop: 8.13%
2025-10-12 11:41:48 | INFO | === END ===
2025-10-12 12:00:30 | INFO | === START action=attack model=ResNetSEBlockIoT dataset=IoTID20 device=cuda:1 ===
2025-10-12 12:00:30 | INFO | Running simple attack simulation for model=ResNetSEBlockIoT dataset=IoTID20 device=cuda:1
2025-10-12 12:00:30 | INFO | CUDA device: NVIDIA GeForce RTX 3060 (index 1)
2025-10-12 12:00:30 | INFO | VRAM total=12.49 GB, reserved=0.00 GB, allocated=0.00 GB
2025-10-12 12:00:30 | INFO | Loading model: name=ResNetSEBlockIoT, dataset=IoTID20
2025-10-12 12:00:30 | INFO | Checkpoint: /home/jupyter-iec2022se05/BitShield_Clone/models/IoTID20/ResNetSEBlockIoT/ResNetSEBlockIoT.pt
2025-10-12 12:00:32 | INFO | Inferring input_size/num_classes via preprocess_iotid20_data()
2025-10-12 12:00:32 | INFO | inferred: input_size=69, num_classes=5
2025-10-12 12:00:35 | INFO | Model loaded. total_params=2,056,255, trainable_params=2,055,463
2025-10-12 12:00:35 | INFO | Loading IoTID20 test loader (benign)…
2025-10-12 12:00:40 | INFO | Test set size ≈ 58725
2025-10-12 12:01:00 | INFO | Original accuracy: 83.19% (eval took 20.30s)
2025-10-12 12:01:00 | INFO | 3 attack strategies will be tested (note: noise accumulates in current behavior).
2025-10-12 12:01:00 | INFO | [1/3] Applying strategy=random_noise strength=0.1
2025-10-12 12:01:14 | INFO | → acc_after=20.40% (drop 62.79%) | eval 13.92s
2025-10-12 12:01:14 | INFO | [2/3] Applying strategy=random_noise strength=0.2
2025-10-12 12:01:39 | INFO | → acc_after=20.40% (drop 62.79%) | eval 25.48s
2025-10-12 12:01:39 | INFO | [3/3] Applying strategy=random_noise strength=0.5
2025-10-12 12:02:12 | INFO | → acc_after=20.40% (drop 62.79%) | eval 32.71s
2025-10-12 12:02:12 | INFO | Attack results saved to: results/attack_results/IoTID20_ResNetSEBlockIoT_simple_attack.json
2025-10-12 12:02:12 | INFO | random_noise (strength 0.1): Accuracy drop 62.79%
2025-10-12 12:02:12 | INFO | random_noise (strength 0.2): Accuracy drop 62.79%
2025-10-12 12:02:12 | INFO | random_noise (strength 0.5): Accuracy drop 62.79%
2025-10-12 12:02:12 | INFO | === END ===
